<?xml version="1.0" encoding="UTF-8"?>
<testsuite name="edu.jsu.mcis.TicTacToeTest" tests="7" skipped="0" failures="0" errors="0" timestamp="2016-09-15T04:24:49" hostname="Austins-PC" time="0.047">
  <properties/>
  <testcase name="testTieIfAllLocationsAreFilled" classname="edu.jsu.mcis.TicTacToeTest" time="0.047"/>
  <testcase name="testIsGameOverHorizontalTopRow" classname="edu.jsu.mcis.TicTacToeTest" time="0.0"/>
  <testcase name="testMarkXInUpperRightCorner" classname="edu.jsu.mcis.TicTacToeTest" time="0.0"/>
  <testcase name="testUnableToMarkOverExisting" classname="edu.jsu.mcis.TicTacToeTest" time="0.0"/>
  <testcase name="testMarkOInBottomLeftCorner" classname="edu.jsu.mcis.TicTacToeTest" time="0.0"/>
  <testcase name="testStartingGridIsEmpty" classname="edu.jsu.mcis.TicTacToeTest" time="0.0"/>
  <testcase name="testGameIsNotOverAfterTheFirstMark" classname="edu.jsu.mcis.TicTacToeTest" time="0.0"/>
  <system-out><![CDATA[
It is a Tie.

Player X won horizontally.


This tile has already been taken.
]]></system-out>
  <system-err><![CDATA[]]></system-err>
</testsuite>
